0001 0200                    	org $200
0002                         
0003 0200 20 77              	bra $279
0004                         
0005 0279                    	org $279
0006                         
0007 0279 4c                 loop	inca
0008 027a b7 80 00           	sta $8000
0009 027d 8d 02                      bsr delay1
0010 027f 20 f8              	bra loop
0011                         	
0012                                 
0013 0281 8e 30 00           delay1	ldx #$3000
0014 0284 30 1f              delay	leax -1,x
0015 0286 26 fc              	bne delay
0016 0288 12                 	nop
0017 0289 12                 	nop
0018 028a 39                         rts
0019                         
0020                         	end
0021                         
