0001 0200                    	org $200
0002                         
0003 0200 16 00 7d           	lbra $280
0004                         
0005 0280                    	org $280
0006                         
0007 0280 4c                 loop	inca
0008 0281 b7 80 00           	sta $8000
0009 0284 8d 02                      bsr delay1
0010 0286 20 f8              	bra loop
0011                         	
0012                                 
0013 0288 8e 30 00           delay1	ldx #$3000
0014 028b 30 1f              delay	leax -1,x
0015 028d 26 fc              	bne delay
0016 028f 12                 	nop
0017 0290 12                 	nop
0018 0291 39                         rts
0019                         
0020                         	end
0021                         
