0001                         *  calling monitor c function
0002                         *  display text on 7-segment display
0003                         
0004 7035                    buffer     equ $7035
0005 c896                    scan       equ $c896
0006 df09                    scan1      equ $df09 
0007                         	
0008 0200                    	org $200
0009                         
0010 0200 86 00              main    lda #0
0011 0202 b7 70 35                   sta buffer
0012 0205 86 a3              	lda #$a3
0013 0207 b7 70 36           	sta buffer+1
0014 020a 86 85              	lda #$85
0015 020c b7 70 37           	sta buffer+2
0016 020f 86 85              	lda #$85
0017 0211 b7 70 38           	sta buffer+3
0018 0214 86 8f              	lda #$8f
0019 0216 b7 70 39           	sta buffer+4
0020 0219 86 37              	lda #$37
0021 021b b7 70 3a           	sta buffer+5
0022                         
0023 021e bd c8 96           loop	jsr scan
0024 0221 20 fb              	bra loop
0025                         
0026                         	end
0027                         
