0001 0200                    	org $200
0002                         
0003 0200 86 aa              main    lda #$aa
0004                         
0005 0202 8e 10 00                   ldx #$1000  base address
0006                         
0007 0205 a7 84                      sta ,x
0008                         
0009 0207 a7 01                      sta 1,x
0010                         
0011 0209 a7 02                      sta 2,x
0012                         
0013 020b a7 03                      sta 3,x 
0014                         
0015 020d a7 1f                      sta -1,x
0016                         
0017 020f a7 88 7f                   sta $7f,x
0018                         
0019 0212 a7 89 10 00                sta $1000,x
0020                         
0021 0216 3f                         swi
0022                         
0023                         	end
0024                         
